{"name": "test_products_group", "status": "skipped", "statusDetails": {"message": "XFAIL Wait for fix bug\n\nselenium.common.exceptions.ElementClickInterceptedException: Message: element click intercepted: Element <a href=\"https://testqastudio.me?products_group=sale\" class=\"tab-sale \">...</a> is not clickable at point (900, 748). Other element would receive the click: <div class=\"catalog-toolbar-tabs__content\">...</div>\n  (Session info: chrome=115.0.5790.171)\nStacktrace:\nBacktrace:\n\tGetHandleVerifier [0x00007FF73D6A4A62+57106]\n\t(No symbol) [0x00007FF73D61CF52]\n\t(No symbol) [0x00007FF73D4EE2CB]\n\t(No symbol) [0x00007FF73D52D290]\n\t(No symbol) [0x00007FF73D52B90D]\n\t(No symbol) [0x00007FF73D5298F5]\n\t(No symbol) [0x00007FF73D528B05]\n\t(No symbol) [0x00007FF73D51EE2F]\n\t(No symbol) [0x00007FF73D5469BA]\n\t(No symbol) [0x00007FF73D51E746]\n\t(No symbol) [0x00007FF73D546BD0]\n\t(No symbol) [0x00007FF73D55E522]\n\t(No symbol) [0x00007FF73D546793]\n\t(No symbol) [0x00007FF73D51CE81]\n\t(No symbol) [0x00007FF73D51E064]\n\tGetHandleVerifier [0x00007FF73D954222+2873042]\n\tGetHandleVerifier [0x00007FF73D9A6590+3209792]\n\tGetHandleVerifier [0x00007FF73D99F3AF+3180639]\n\tGetHandleVerifier [0x00007FF73D735F25+652245]\n\t(No symbol) [0x00007FF73D628618]\n\t(No symbol) [0x00007FF73D6247C4]\n\t(No symbol) [0x00007FF73D6248BC]\n\t(No symbol) [0x00007FF73D614C33]\n\tBaseThreadInitThunk [0x00007FF8ED9A7614+20]\n\tRtlUserThreadStart [0x00007FF8EDD426B1+33]", "trace": "tests\\test_shop.py:48: in test_products_group\n    element.click()\n        browser    = <selenium.webdriver.chrome.webdriver.WebDriver (session=\"f148f15233faa96353505a10feff71e1\")>\n        element    = <selenium.webdriver.remote.webelement.WebElement (session=\"f148f15233faa96353505a10feff71e1\", element=\"B7FABDB00D10B57B5111A50F0B34397C_element_144\")>\n        elements   = [<selenium.webdriver.remote.webelement.WebElement (session=\"f148f15233faa96353505a10feff71e1\", element=\"4DAE1B80C29407...lement.WebElement (session=\"f148f15233faa96353505a10feff71e1\", element=\"4DAE1B80C29407DF9A4E993CA29785E3_element_54\")>]\n        expected_menu = [('Все', '', \"[class='tab-all active']\"), ('Бестселлеры', '/?products_group=best_sellers', \"[class='tab-best_sellers '... '/?products_group=new', \"[class='tab-new ']\"), ('Распродажа товаров', '/?products_group=sale', \"[class='tab-sale ']\")]\n        item       = ('Распродажа товаров', '/?products_group=sale', \"[class='tab-sale ']\")\n        menu_element = \"[class='catalog-toolbar-tabs__content'] a\"\nenv\\Lib\\site-packages\\selenium\\webdriver\\remote\\webelement.py:94: in click\n    self._execute(Command.CLICK_ELEMENT)\n        self       = <selenium.webdriver.remote.webelement.WebElement (session=\"f148f15233faa96353505a10feff71e1\", element=\"B7FABDB00D10B57B5111A50F0B34397C_element_144\")>\nenv\\Lib\\site-packages\\selenium\\webdriver\\remote\\webelement.py:395: in _execute\n    return self._parent.execute(command, params)\n        command    = 'clickElement'\n        params     = {'id': 'B7FABDB00D10B57B5111A50F0B34397C_element_144'}\n        self       = <selenium.webdriver.remote.webelement.WebElement (session=\"f148f15233faa96353505a10feff71e1\", element=\"B7FABDB00D10B57B5111A50F0B34397C_element_144\")>\nenv\\Lib\\site-packages\\selenium\\webdriver\\remote\\webdriver.py:345: in execute\n    self.error_handler.check_response(response)\n        driver_command = 'clickElement'\n        params     = {'id': 'B7FABDB00D10B57B5111A50F0B34397C_element_144'}\n        response   = {'status': 400, 'value': '{\"value\":{\"error\":\"element click intercepted\",\"message\":\"element click intercepted: Element ...07FF73D614C33]\\\\n\\\\tBaseThreadInitThunk [0x00007FF8ED9A7614+20]\\\\n\\\\tRtlUserThreadStart [0x00007FF8EDD426B1+33]\\\\n\"}}'}\n        self       = <selenium.webdriver.chrome.webdriver.WebDriver (session=\"f148f15233faa96353505a10feff71e1\")>\nenv\\Lib\\site-packages\\selenium\\webdriver\\remote\\errorhandler.py:229: in check_response\n    raise exception_class(message, screen, stacktrace)\nE   selenium.common.exceptions.ElementClickInterceptedException: Message: element click intercepted: Element <a href=\"https://testqastudio.me?products_group=sale\" class=\"tab-sale \">...</a> is not clickable at point (900, 748). Other element would receive the click: <div class=\"catalog-toolbar-tabs__content\">...</div>\nE     (Session info: chrome=115.0.5790.171)\nE   Stacktrace:\nE   Backtrace:\nE   \tGetHandleVerifier [0x00007FF73D6A4A62+57106]\nE   \t(No symbol) [0x00007FF73D61CF52]\nE   \t(No symbol) [0x00007FF73D4EE2CB]\nE   \t(No symbol) [0x00007FF73D52D290]\nE   \t(No symbol) [0x00007FF73D52B90D]\nE   \t(No symbol) [0x00007FF73D5298F5]\nE   \t(No symbol) [0x00007FF73D528B05]\nE   \t(No symbol) [0x00007FF73D51EE2F]\nE   \t(No symbol) [0x00007FF73D5469BA]\nE   \t(No symbol) [0x00007FF73D51E746]\nE   \t(No symbol) [0x00007FF73D546BD0]\nE   \t(No symbol) [0x00007FF73D55E522]\nE   \t(No symbol) [0x00007FF73D546793]\nE   \t(No symbol) [0x00007FF73D51CE81]\nE   \t(No symbol) [0x00007FF73D51E064]\nE   \tGetHandleVerifier [0x00007FF73D954222+2873042]\nE   \tGetHandleVerifier [0x00007FF73D9A6590+3209792]\nE   \tGetHandleVerifier [0x00007FF73D99F3AF+3180639]\nE   \tGetHandleVerifier [0x00007FF73D735F25+652245]\nE   \t(No symbol) [0x00007FF73D628618]\nE   \t(No symbol) [0x00007FF73D6247C4]\nE   \t(No symbol) [0x00007FF73D6248BC]\nE   \t(No symbol) [0x00007FF73D614C33]\nE   \tBaseThreadInitThunk [0x00007FF8ED9A7614+20]\nE   \tRtlUserThreadStart [0x00007FF8EDD426B1+33]\n        e          = <selenium.webdriver.remote.errorhandler.ErrorCode object at 0x000001F1904EB250>\n        error_code = 'ELEMENT_CLICK_INTERCEPTED'\n        error_codes = ['ELEMENT_CLICK_INTERCEPTED', 'ELEMENT_IS_NOT_SELECTABLE', 'ELEMENT_NOT_INTERACTABLE', 'ELEMENT_NOT_VISIBLE', 'IME_ENGINE_ACTIVATION_FAILED', 'IME_NOT_AVAILABLE', ...]\n        error_info = [64, 'element click intercepted']\n        exception_class = <class 'selenium.common.exceptions.ElementClickInterceptedException'>\n        json       = <module 'json' from 'C:\\\\Program Files\\\\WindowsApps\\\\PythonSoftwareFoundation.Python.3.11_3.11.1264.0_x64__qbz5n2kfra8p0\\\\Lib\\\\json\\\\__init__.py'>\n        message    = 'element click intercepted: Element <a href=\"https://testqastudio.me?products_group=sale\" class=\"tab-sale \">...</a> is...would receive the click: <div class=\"catalog-toolbar-tabs__content\">...</div>\\n  (Session info: chrome=115.0.5790.171)'\n        response   = {'status': 400, 'value': '{\"value\":{\"error\":\"element click intercepted\",\"message\":\"element click intercepted: Element ...07FF73D614C33]\\\\n\\\\tBaseThreadInitThunk [0x00007FF8ED9A7614+20]\\\\n\\\\tRtlUserThreadStart [0x00007FF8EDD426B1+33]\\\\n\"}}'}\n        screen     = None\n        self       = <selenium.webdriver.remote.errorhandler.ErrorHandler object at 0x000001F190894150>\n        st_value   = 'Backtrace:\\n\\tGetHandleVerifier [0x00007FF73D6A4A62+57106]\\n\\t(No symbol) [0x00007FF73D61CF52]\\n\\t(No symbol) [0x0000...l) [0x00007FF73D614C33]\\n\\tBaseThreadInitThunk [0x00007FF8ED9A7614+20]\\n\\tRtlUserThreadStart [0x00007FF8EDD426B1+33]\\n'\n        stacktrace = ['Backtrace:', '\\tGetHandleVerifier [0x00007FF73D6A4A62+57106]', '\\t(No symbol) [0x00007FF73D61CF52]', '\\t(No symbol) [0x00007FF73D4EE2CB]', '\\t(No symbol) [0x00007FF73D52D290]', '\\t(No symbol) [0x00007FF73D52B90D]', ...]\n        status     = 'element click intercepted'\n        value      = {'error': 'element click intercepted', 'message': 'element click intercepted: Element <a href=\"https://testqastudio.me...) [0x00007FF73D614C33]\\n\\tBaseThreadInitThunk [0x00007FF8ED9A7614+20]\\n\\tRtlUserThreadStart [0x00007FF8EDD426B1+33]\\n'}\n        value_json = '{\"value\":{\"error\":\"element click intercepted\",\"message\":\"element click intercepted: Element \\\\u003Ca href=\\\\\"https://...007FF73D614C33]\\\\n\\\\tBaseThreadInitThunk [0x00007FF8ED9A7614+20]\\\\n\\\\tRtlUserThreadStart [0x00007FF8EDD426B1+33]\\\\n\"}}'"}, "description": "\n    Test case TC-2\n    ", "start": 1692020022648, "stop": 1692020029620, "uuid": "350c7dc1-6ea0-44f3-a9b5-1063982e7e83", "historyId": "4fdd6adba16e950b161eae73ef4ccb14", "testCaseId": "4fdd6adba16e950b161eae73ef4ccb14", "fullName": "tests.test_shop#test_products_group", "labels": [{"name": "tag", "value": "@pytest.mark.xfail(reason='Wait for fix bug')"}, {"name": "parentSuite", "value": "tests"}, {"name": "suite", "value": "test_shop"}, {"name": "host", "value": "LAPTOP-RU7M923Q"}, {"name": "thread", "value": "14768-MainThread"}, {"name": "framework", "value": "pytest"}, {"name": "language", "value": "cpython3"}, {"name": "package", "value": "tests.test_shop"}]}